Changelog for the Tali Forth 65c02 Project
Scot W. Stevenson <scot.stevenson@gmail.com>
First version: 28. Jan 2014

Add changes to top with date. Note these are only major milestones and versions.

10. Feb 2015: Added RECURSE. Tali now "feature complete", entering BETA
09. Feb 2015: Added new and working versions of DO/?DO/LEAVE/LOOP/+LOOP
28. Jan 2015: Added LEAVE, rewrote THEN, LOOP, +LOOP and DO
25. Jan 2015: Added WORD (against better judgement); MOVE; 2R group of words 
20. Jan 2015: Added ABORT", complete rewrite of S"
19. Jan 2015: Added f_cmpljsr and friends, converted code to their use
17. Jan 2015: Added DEFER, DEFER!, DEFER@, IS, ACTION-OF; >BODY now works
14. Jan 2015: Major rewrite of CREATE, DOVAR, DOES; adds DODOES
11. Jan 2015: Added ['], internal routine for POSTPONE (l_postpoint)
10. Jan 2015: Added PICK, VALUE and TO
11. Nov 2014: Added ANSI-standard +LOOP
09. Nov 2014: LOOP, DO, I and J now confirm to ANSI standard
02. Nov 2014: Expanded README.txt, CR now newline, adapted to new py65
16. May 2014: CREATE/DOES> working 
13. Apr 2014: Basic DO/LOOP works (ALPHA 002) 
07. Apr 2014: Published as ALPHA 001 to 6502.org
03. Apr 2014: IF ELSE THEN works 
26. Feb 2014: Native compiling works
20. Feb 2014: Basic BEGIN-AGAIN loop works
15. Feb 2014: Basic compiling function up and running 
06. Feb 2014: Design of Dictionary structure complete
01. Feb 2014: Primitive interpreter loop up and running
19. Jan 2014: Start of project


